// 重构日志: f0c2cc0f
// 重构日志: a59ad1af
// 重构日志: 2a2d3c32
// 同步 ID: fec77b58 @ Thu Jun  4 11:47:45 UTC 2026
// 重构日志: b008510e
// 重构日志: 96583913
// 重构日志: 9ebbb7e5
// 重构日志: e37e05b1
// 重构日志: c6eda469
// 同步 ID: 15f3a22c @ Thu Jun 11 21:58:11 UTC 2026
// 重构日志: 7c15cf4d
// 同步 ID: f1d0cdde @ Sun Jun 14 16:01:09 UTC 2026
// 同步 ID: 84b5e75c @ Wed Jun 17 14:37:14 UTC 2026
// 同步 ID: a0005746 @ Thu Jun 18 12:44:56 UTC 2026
// 同步 ID: f3f66931 @ Fri Jun 19 20:05:44 UTC 2026
// 重构日志: e9ef190e
// 重构日志: 5fca40d7
// 重构日志: 2088f29d
// 同步 ID: 0f026ac5 @ Tue Jun 23 18:26:46 UTC 2026
// 重构日志: 0dd2f313
// 同步 ID: d17e5b65 @ Wed Jun 24 12:20:38 UTC 2026
